<?xml version="1.0" encoding="UTF-8"?>
<testng-results skipped="0" failed="0" ignored="0" total="1" passed="1">
  <reporter-output>
  </reporter-output>
  <suite name="Surefire suite" duration-ms="41149" started-at="2022-11-08T22:09:55 IST" finished-at="2022-11-08T22:10:36 IST">
    <groups>
      <group name="cucumber">
        <method signature="AbstractTestNGCucumberTests.runScenario(io.cucumber.testng.PickleWrapper,io.cucumber.testng.FeatureWrapper)[pri:0, instance:runner.test_runner@b51256]" name="runScenario" class="io.cucumber.testng.AbstractTestNGCucumberTests"/>
      </group> <!-- cucumber -->
    </groups>
    <test name="Surefire test" duration-ms="41149" started-at="2022-11-08T22:09:55 IST" finished-at="2022-11-08T22:10:36 IST">
      <class name="runner.test_runner">
        <test-method status="PASS" signature="setUpClass(org.testng.ITestContext)[pri:0, instance:runner.test_runner@b51256]" name="setUpClass" is-config="true" duration-ms="777" started-at="2022-11-08T22:09:55 IST" finished-at="2022-11-08T22:09:56 IST">
          <params>
            <param index="0">
              <value>
                <![CDATA[org.testng.TestRunner@1e3a87a]]>
              </value>
            </param>
          </params>
          <reporter-output>
          </reporter-output>
        </test-method> <!-- setUpClass -->
        <test-method status="PASS" signature="runScenario(io.cucumber.testng.PickleWrapper,io.cucumber.testng.FeatureWrapper)[pri:0, instance:runner.test_runner@b51256]" name="runScenario" duration-ms="40139" started-at="2022-11-08T22:09:56 IST" description="Runs Cucumber Scenarios" data-provider="scenarios" finished-at="2022-11-08T22:10:36 IST">
          <params>
            <param index="0">
              <value>
                <![CDATA["To Test guru99 with invalid data"]]>
              </value>
            </param>
            <param index="1">
              <value>
                <![CDATA["Testing guru99 login"]]>
              </value>
            </param>
          </params>
          <reporter-output>
          </reporter-output>
        </test-method> <!-- runScenario -->
        <test-method status="PASS" signature="tearDownClass()[pri:0, instance:runner.test_runner@b51256]" name="tearDownClass" is-config="true" duration-ms="50" started-at="2022-11-08T22:10:36 IST" finished-at="2022-11-08T22:10:36 IST">
          <reporter-output>
          </reporter-output>
        </test-method> <!-- tearDownClass -->
      </class> <!-- runner.test_runner -->
    </test> <!-- Surefire test -->
  </suite> <!-- Surefire suite -->
</testng-results>
